16      1000    0.196493
16      2000    0.234421
16      3000    0.303303
16      4000    0.37713
16      5000    0.453534
16      6000    0.578753
16      7000    0.704222
16      8000    0.833114
16      9000    0.989134

24      1000    0.192007
24      2000    0.236508
24      3000    0.306446
24      4000    0.373294
24      5000    0.44919
24      6000    0.566908
24      7000    0.690391
24      8000    0.809304
24      9000    0.956647

32      1000    0.194048
32      2000    0.233854
32      3000    0.298146
32      4000    0.372455
32      5000    0.446298
32      6000    0.56206
32      7000    0.686403
32      8000    0.807338
32      9000    0.940475

4       1000    0.191601
4       2000    0.256702
4       3000    0.389512
4       4000    0.562674
4       5000    0.806958
4       6000    1.17166
4       7000    1.62695
4       8000    2.21278
4       9000    2.94798

8       1000    0.18963
8       2000    0.242883
8       3000    0.310699
8       4000    0.387675
8       5000    0.489971
8       6000    0.63255
8       7000    0.791543
8       8000    0.976015
8       9000    1.1695

