100     1000    0.208557
100     2000    0.350099
100     3000    0.672818
100     4000    0.367792
100     5000    0.43481
100     6000    0.54115
100     7000    0.650396
100     8000    0.764803
100     9000    0.888248

1024    1000    0.201595
1024    2000    0.323265
1024    3000    0.594299
1024    4000    0.989417
1024    5000    1.72507
1024    6000    2.64772
1024    7000    4.18194
1024    8000    5.65322
1024    9000    8.09769



300     1000    0.196659
300     2000    0.330783
300     3000    0.621545
300     4000    1.09998
300     5000    1.75467
300     6000    3.008
300     7000    0.652868
300     8000    0.767074
300     9000    0.887326

500     1000    0.205533
500     2000    0.328148
500     3000    0.591045
500     4000    1.0686
500     5000    1.78198
500     6000    2.88884
500     7000    4.3506
500     8000    6.36112
500     9000    0.890381

800     1000    0.201485
800     2000    0.329167
800     3000    0.604566
800     4000    1.02079
800     5000    1.75945
800     6000    2.75154
800     7000    4.29148
800     8000    5.891
800     9000    8.59022

